Main: Creating GTK application...
Main: Running GTK application...
Main: Initializing asset manager...
Main: Asset manager initialized.
Main: String intern + item stats initialized.
Main: Affix table initialized.
--- TQVaultC Debug Tests ---
Game Folder: /home/doc/.local/share/Steam/steamapps/common/Titan Quest Anniversary Edition
Save Folder: /home/doc/.local/share/Steam/steamapps/compatdata/475150/pfx/drive_c/users/steamuser/Documents/My Games/Titan Quest - Immortal Throne
FAILURE: Could not find records\items\geararmor\torso\t_plate01.dbr in index (this is expected if index is dummy)

--- Debug Tests Complete ---
texture_load_from_data: size=4236
  Initializing MagickWand...
  Reading image blob (size 4224)...
  Image read success. Converting to RGBA...
  Destroying MagickWand...
DEBUG: AnimalPart07B_L.tex size: 32x32
texture_load_from_data: size=5042
  Initializing MagickWand...
  Reading image blob (size 5030)...
  Image read success. Converting to RGBA...
  Destroying MagickWand...
texture_load_from_data: size=5042
  Initializing MagickWand...
  Reading image blob (size 5030)...
  Image read success. Converting to RGBA...
  Destroying MagickWand...
texture_load_from_data: size=5042
  Initializing MagickWand...
  Reading image blob (size 5030)...
  Image read success. Converting to RGBA...
  Destroying MagickWand...
texture_load_from_data: size=5042
  Initializing MagickWand...
  Reading image blob (size 5030)...
  Image read success. Converting to RGBA...
  Destroying MagickWand...
texture_load_from_data: size=5042
  Initializing MagickWand...
  Reading image blob (size 5030)...
  Image read success. Converting to RGBA...
  Destroying MagickWand...
texture_load_from_data: size=5042
  Initializing MagickWand...
  Reading image blob (size 5030)...
  Image read success. Converting to RGBA...
  Destroying MagickWand...
Prefetch: collected 1216 unique DBR paths
character_load: /home/doc/.local/share/Steam/steamapps/compatdata/475150/pfx/drive_c/users/steamuser/Documents/My Games/Titan Quest - Immortal Throne/SaveData/Main/_raidena/Player.chr
  inventory done: 4 sacks
character_load: finished raidena (level 71, inv_sacks=4)
  inv_block: [17443..181740), equip_block: [181832..187692)
  inv_sack[0]: 8 items
  inv_sack[1]: 34 items
  inv_sack[2]: 0 items
  inv_sack[3]: 0 items
Prefetch: thread finished (cancelled)
Prefetch: collected 34 unique DBR paths
Prefetch: thread finished
texture_load_from_data: size=4236
  Initializing MagickWand...
  Reading image blob (size 4224)...
  Image read success. Converting to RGBA...
  Destroying MagickWand...
texture_load_from_data: size=4236
  Initializing MagickWand...
  Reading image blob (size 4224)...
  Image read success. Converting to RGBA...
  Destroying MagickWand...
texture_load_from_data: size=4236
  Initializing MagickWand...
  Reading image blob (size 4224)...
  Image read success. Converting to RGBA...
  Destroying MagickWand...
texture_load_from_data: size=4236
  Initializing MagickWand...
  Reading image blob (size 4224)...
  Image read success. Converting to RGBA...
  Destroying MagickWand...
texture_load_from_data: size=4236
  Initializing MagickWand...
  Reading image blob (size 4224)...
  Image read success. Converting to RGBA...
  Destroying MagickWand...
texture_load_from_data: size=4236
  Initializing MagickWand...
  Reading image blob (size 4224)...
  Image read success. Converting to RGBA...
  Destroying MagickWand...
texture_load_from_data: size=4236
  Initializing MagickWand...
  Reading image blob (size 4224)...
  Image read success. Converting to RGBA...
  Destroying MagickWand...
texture_load_from_data: size=4236
  Initializing MagickWand...
  Reading image blob (size 4224)...
  Image read success. Converting to RGBA...
  Destroying MagickWand...
texture_load_from_data: size=4236
  Initializing MagickWand...
  Reading image blob (size 4224)...
  Image read success. Converting to RGBA...
  Destroying MagickWand...
texture_load_from_data: size=4236
  Initializing MagickWand...
  Reading image blob (size 4224)...
  Image read success. Converting to RGBA...
  Destroying MagickWand...
texture_load_from_data: size=4236
  Initializing MagickWand...
  Reading image blob (size 4224)...
  Image read success. Converting to RGBA...
  Destroying MagickWand...
texture_load_from_data: size=4236
  Initializing MagickWand...
  Reading image blob (size 4224)...
  Image read success. Converting to RGBA...
  Destroying MagickWand...
texture_load_from_data: size=4236
  Initializing MagickWand...
  Reading image blob (size 4224)...
  Image read success. Converting to RGBA...
  Destroying MagickWand...
texture_load_from_data: size=4236
  Initializing MagickWand...
  Reading image blob (size 4224)...
  Image read success. Converting to RGBA...
  Destroying MagickWand...
texture_load_from_data: size=4236
  Initializing MagickWand...
  Reading image blob (size 4224)...
  Image read success. Converting to RGBA...
  Destroying MagickWand...
texture_load_from_data: size=4236
  Initializing MagickWand...
  Reading image blob (size 4224)...
  Image read success. Converting to RGBA...
  Destroying MagickWand...
texture_load_from_data: size=4236
  Initializing MagickWand...
  Reading image blob (size 4224)...
  Image read success. Converting to RGBA...
  Destroying MagickWand...
texture_load_from_data: size=4236
  Initializing MagickWand...
  Reading image blob (size 4224)...
  Image read success. Converting to RGBA...
  Destroying MagickWand...
texture_load_from_data: size=4236
  Initializing MagickWand...
  Reading image blob (size 4224)...
  Image read success. Converting to RGBA...
  Destroying MagickWand...
texture_load_from_data: size=4236
  Initializing MagickWand...
  Reading image blob (size 4224)...
  Image read success. Converting to RGBA...
  Destroying MagickWand...
texture_load_from_data: size=4236
  Initializing MagickWand...
  Reading image blob (size 4224)...
  Image read success. Converting to RGBA...
  Destroying MagickWand...
texture_load_from_data: size=4236
  Initializing MagickWand...
  Reading image blob (size 4224)...
  Image read success. Converting to RGBA...
  Destroying MagickWand...
texture_load_from_data: size=4236
  Initializing MagickWand...
  Reading image blob (size 4224)...
  Image read success. Converting to RGBA...
  Destroying MagickWand...
texture_load_from_data: size=4236
  Initializing MagickWand...
  Reading image blob (size 4224)...
  Image read success. Converting to RGBA...
  Destroying MagickWand...
texture_load_from_data: size=4236
  Initializing MagickWand...
  Reading image blob (size 4224)...
  Image read success. Converting to RGBA...
  Destroying MagickWand...
texture_load_from_data: size=4236
  Initializing MagickWand...
  Reading image blob (size 4224)...
  Image read success. Converting to RGBA...
  Destroying MagickWand...
texture_load_from_data: size=4236
  Initializing MagickWand...
  Reading image blob (size 4224)...
  Image read success. Converting to RGBA...
  Destroying MagickWand...
texture_load_from_data: size=4236
  Initializing MagickWand...
  Reading image blob (size 4224)...
  Image read success. Converting to RGBA...
  Destroying MagickWand...
texture_load_from_data: size=4236
  Initializing MagickWand...
  Reading image blob (size 4224)...
  Image read success. Converting to RGBA...
  Destroying MagickWand...
texture_load_from_data: size=4236
  Initializing MagickWand...
  Reading image blob (size 4224)...
  Image read success. Converting to RGBA...
  Destroying MagickWand...
texture_load_from_data: size=4236
  Initializing MagickWand...
  Reading image blob (size 4224)...
  Image read success. Converting to RGBA...
  Destroying MagickWand...
texture_load_from_data: size=4236
  Initializing MagickWand...
  Reading image blob (size 4224)...
  Image read success. Converting to RGBA...
  Destroying MagickWand...
texture_load_from_data: size=4236
  Initializing MagickWand...
  Reading image blob (size 4224)...
  Image read success. Converting to RGBA...
  Destroying MagickWand...
texture_load_from_data: size=4236
  Initializing MagickWand...
  Reading image blob (size 4224)...
  Image read success. Converting to RGBA...
  Destroying MagickWand...
texture_load_from_data: size=4236
  Initializing MagickWand...
  Reading image blob (size 4224)...
  Image read success. Converting to RGBA...
  Destroying MagickWand...
texture_load_from_data: size=4236
  Initializing MagickWand...
  Reading image blob (size 4224)...
  Image read success. Converting to RGBA...
  Destroying MagickWand...
texture_load_from_data: size=4236
  Initializing MagickWand...
  Reading image blob (size 4224)...
  Image read success. Converting to RGBA...
  Destroying MagickWand...
texture_load_from_data: size=4236
  Initializing MagickWand...
  Reading image blob (size 4224)...
  Image read success. Converting to RGBA...
  Destroying MagickWand...
texture_load_from_data: size=4236
  Initializing MagickWand...
  Reading image blob (size 4224)...
  Image read success. Converting to RGBA...
  Destroying MagickWand...
texture_load_from_data: size=4236
  Initializing MagickWand...
  Reading image blob (size 4224)...
  Image read success. Converting to RGBA...
  Destroying MagickWand...
texture_load_from_data: size=4236
  Initializing MagickWand...
  Reading image blob (size 4224)...
  Image read success. Converting to RGBA...
  Destroying MagickWand...
texture_load_from_data: size=4236
  Initializing MagickWand...
  Reading image blob (size 4224)...
  Image read success. Converting to RGBA...
  Destroying MagickWand...
texture_load_from_data: size=4236
  Initializing MagickWand...
  Reading image blob (size 4224)...
  Image read success. Converting to RGBA...
  Destroying MagickWand...
texture_load_from_data: size=4236
  Initializing MagickWand...
  Reading image blob (size 4224)...
  Image read success. Converting to RGBA...
  Destroying MagickWand...
texture_load_from_data: size=4236
  Initializing MagickWand...
  Reading image blob (size 4224)...
  Image read success. Converting to RGBA...
  Destroying MagickWand...
texture_load_from_data: size=4236
  Initializing MagickWand...
  Reading image blob (size 4224)...
  Image read success. Converting to RGBA...
  Destroying MagickWand...
texture_load_from_data: size=4236
  Initializing MagickWand...
  Reading image blob (size 4224)...
  Image read success. Converting to RGBA...
  Destroying MagickWand...
texture_load_from_data: size=4236
  Initializing MagickWand...
  Reading image blob (size 4224)...
  Image read success. Converting to RGBA...
  Destroying MagickWand...
texture_load_from_data: size=4236
  Initializing MagickWand...
  Reading image blob (size 4224)...
  Image read success. Converting to RGBA...
  Destroying MagickWand...
texture_load_from_data: size=4236
  Initializing MagickWand...
  Reading image blob (size 4224)...
  Image read success. Converting to RGBA...
  Destroying MagickWand...
texture_load_from_data: size=4236
  Initializing MagickWand...
  Reading image blob (size 4224)...
  Image read success. Converting to RGBA...
  Destroying MagickWand...
texture_load_from_data: size=4237
  Initializing MagickWand...
  Reading image blob (size 4224)...
  Image read success. Converting to RGBA...
  Destroying MagickWand...
texture_load_from_data: size=4236
  Initializing MagickWand...
  Reading image blob (size 4224)...
  Image read success. Converting to RGBA...
  Destroying MagickWand...
texture_load_from_data: size=8333
  Initializing MagickWand...
  Reading image blob (size 8320)...
  Image read success. Converting to RGBA...
  Destroying MagickWand...
texture_load_from_data: size=4236
  Initializing MagickWand...
  Reading image blob (size 4224)...
  Image read success. Converting to RGBA...
  Destroying MagickWand...
texture_load_from_data: size=4236
  Initializing MagickWand...
  Reading image blob (size 4224)...
  Image read success. Converting to RGBA...
  Destroying MagickWand...
texture_load_from_data: size=4236
  Initializing MagickWand...
  Reading image blob (size 4224)...
  Image read success. Converting to RGBA...
  Destroying MagickWand...
texture_load_from_data: size=4237
  Initializing MagickWand...
  Reading image blob (size 4224)...
  Image read success. Converting to RGBA...
  Destroying MagickWand...
texture_load_from_data: size=8333
  Initializing MagickWand...
  Reading image blob (size 8320)...
  Image read success. Converting to RGBA...
  Destroying MagickWand...
texture_load_from_data: size=4237
  Initializing MagickWand...
  Reading image blob (size 4224)...
  Image read success. Converting to RGBA...
  Destroying MagickWand...
texture_load_from_data: size=4237
  Initializing MagickWand...
  Reading image blob (size 4224)...
  Image read success. Converting to RGBA...
  Destroying MagickWand...
texture_load_from_data: size=4237
  Initializing MagickWand...
  Reading image blob (size 4224)...
  Image read success. Converting to RGBA...
  Destroying MagickWand...
texture_load_from_data: size=4237
  Initializing MagickWand...
  Reading image blob (size 4224)...
  Image read success. Converting to RGBA...
  Destroying MagickWand...
texture_load_from_data: size=4237
  Initializing MagickWand...
  Reading image blob (size 4224)...
  Image read success. Converting to RGBA...
  Destroying MagickWand...
texture_load_from_data: size=4237
  Initializing MagickWand...
  Reading image blob (size 4224)...
  Image read success. Converting to RGBA...
  Destroying MagickWand...
texture_load_from_data: size=4237
  Initializing MagickWand...
  Reading image blob (size 4224)...
  Image read success. Converting to RGBA...
  Destroying MagickWand...
texture_load_from_data: size=4237
  Initializing MagickWand...
  Reading image blob (size 4224)...
  Image read success. Converting to RGBA...
  Destroying MagickWand...
texture_load_from_data: size=8333
  Initializing MagickWand...
  Reading image blob (size 8320)...
  Image read success. Converting to RGBA...
  Destroying MagickWand...
texture_load_from_data: size=4237
  Initializing MagickWand...
  Reading image blob (size 4224)...
  Image read success. Converting to RGBA...
  Destroying MagickWand...
texture_load_from_data: size=8333
  Initializing MagickWand...
  Reading image blob (size 8320)...
  Image read success. Converting to RGBA...
  Destroying MagickWand...
texture_load_from_data: size=8333
  Initializing MagickWand...
  Reading image blob (size 8320)...
  Image read success. Converting to RGBA...
  Destroying MagickWand...
texture_load_from_data: size=4236
  Initializing MagickWand...
  Reading image blob (size 4224)...
  Image read success. Converting to RGBA...
  Destroying MagickWand...
texture_load_from_data: size=4236
  Initializing MagickWand...
  Reading image blob (size 4224)...
  Image read success. Converting to RGBA...
  Destroying MagickWand...
texture_load_from_data: size=4236
  Initializing MagickWand...
  Reading image blob (size 4224)...
  Image read success. Converting to RGBA...
  Destroying MagickWand...
texture_load_from_data: size=4236
  Initializing MagickWand...
  Reading image blob (size 4224)...
  Image read success. Converting to RGBA...
  Destroying MagickWand...
texture_load_from_data: size=4236
  Initializing MagickWand...
  Reading image blob (size 4224)...
  Image read success. Converting to RGBA...
  Destroying MagickWand...
texture_load_from_data: size=4236
  Initializing MagickWand...
  Reading image blob (size 4224)...
  Image read success. Converting to RGBA...
  Destroying MagickWand...
texture_load_from_data: size=4237
  Initializing MagickWand...
  Reading image blob (size 4224)...
  Image read success. Converting to RGBA...
  Destroying MagickWand...
texture_load_from_data: size=4236
  Initializing MagickWand...
  Reading image blob (size 4224)...
  Image read success. Converting to RGBA...
  Destroying MagickWand...
texture_load_from_data: size=4237
  Initializing MagickWand...
  Reading image blob (size 4224)...
  Image read success. Converting to RGBA...
  Destroying MagickWand...
texture_load_from_data: size=8333
  Initializing MagickWand...
  Reading image blob (size 8320)...
  Image read success. Converting to RGBA...
  Destroying MagickWand...
texture_load_from_data: size=4237
  Initializing MagickWand...
  Reading image blob (size 4224)...
  Image read success. Converting to RGBA...
  Destroying MagickWand...
texture_load_from_data: size=4237
  Initializing MagickWand...
  Reading image blob (size 4224)...
  Image read success. Converting to RGBA...
  Destroying MagickWand...
texture_load_from_data: size=4237
  Initializing MagickWand...
  Reading image blob (size 4224)...
  Image read success. Converting to RGBA...
  Destroying MagickWand...
texture_load_from_data: size=4237
  Initializing MagickWand...
  Reading image blob (size 4224)...
  Image read success. Converting to RGBA...
  Destroying MagickWand...
texture_load_from_data: size=4237
  Initializing MagickWand...
  Reading image blob (size 4224)...
  Image read success. Converting to RGBA...
  Destroying MagickWand...
texture_load_from_data: size=4237
  Initializing MagickWand...
  Reading image blob (size 4224)...
  Image read success. Converting to RGBA...
  Destroying MagickWand...
texture_load_from_data: size=4237
  Initializing MagickWand...
  Reading image blob (size 4224)...
  Image read success. Converting to RGBA...
  Destroying MagickWand...
texture_load_from_data: size=4237
  Initializing MagickWand...
  Reading image blob (size 4224)...
  Image read success. Converting to RGBA...
  Destroying MagickWand...
texture_load_from_data: size=4237
  Initializing MagickWand...
  Reading image blob (size 4224)...
  Image read success. Converting to RGBA...
  Destroying MagickWand...
texture_load_from_data: size=4236
  Initializing MagickWand...
  Reading image blob (size 4224)...
  Image read success. Converting to RGBA...
  Destroying MagickWand...
texture_load_from_data: size=4236
  Initializing MagickWand...
  Reading image blob (size 4224)...
  Image read success. Converting to RGBA...
  Destroying MagickWand...
texture_load_from_data: size=4237
  Initializing MagickWand...
  Reading image blob (size 4224)...
  Image read success. Converting to RGBA...
  Destroying MagickWand...
texture_load_from_data: size=4236
  Initializing MagickWand...
  Reading image blob (size 4224)...
  Image read success. Converting to RGBA...
  Destroying MagickWand...
texture_load_from_data: size=4236
  Initializing MagickWand...
  Reading image blob (size 4224)...
  Image read success. Converting to RGBA...
  Destroying MagickWand...
texture_load_from_data: size=4236
  Initializing MagickWand...
  Reading image blob (size 4224)...
  Image read success. Converting to RGBA...
  Destroying MagickWand...
texture_load_from_data: size=4236
  Initializing MagickWand...
  Reading image blob (size 4224)...
  Image read success. Converting to RGBA...
  Destroying MagickWand...
texture_load_from_data: size=4236
  Initializing MagickWand...
  Reading image blob (size 4224)...
  Image read success. Converting to RGBA...
  Destroying MagickWand...
texture_load_from_data: size=4236
  Initializing MagickWand...
  Reading image blob (size 4224)...
  Image read success. Converting to RGBA...
  Destroying MagickWand...
texture_load_from_data: size=4236
  Initializing MagickWand...
  Reading image blob (size 4224)...
  Image read success. Converting to RGBA...
  Destroying MagickWand...
texture_load_from_data: size=4236
  Initializing MagickWand...
  Reading image blob (size 4224)...
  Image read success. Converting to RGBA...
  Destroying MagickWand...
texture_load_from_data: size=4236
  Initializing MagickWand...
  Reading image blob (size 4224)...
  Image read success. Converting to RGBA...
  Destroying MagickWand...
texture_load_from_data: size=4236
  Initializing MagickWand...
  Reading image blob (size 4224)...
  Image read success. Converting to RGBA...
  Destroying MagickWand...
texture_load_from_data: size=4236
  Initializing MagickWand...
  Reading image blob (size 4224)...
  Image read success. Converting to RGBA...
  Destroying MagickWand...
texture_load_from_data: size=4236
  Initializing MagickWand...
  Reading image blob (size 4224)...
  Image read success. Converting to RGBA...
  Destroying MagickWand...
texture_load_from_data: size=4236
  Initializing MagickWand...
  Reading image blob (size 4224)...
  Image read success. Converting to RGBA...
  Destroying MagickWand...
texture_load_from_data: size=4236
  Initializing MagickWand...
  Reading image blob (size 4224)...
  Image read success. Converting to RGBA...
  Destroying MagickWand...
texture_load_from_data: size=4236
  Initializing MagickWand...
  Reading image blob (size 4224)...
  Image read success. Converting to RGBA...
  Destroying MagickWand...
texture_load_from_data: size=4236
  Initializing MagickWand...
  Reading image blob (size 4224)...
  Image read success. Converting to RGBA...
  Destroying MagickWand...
texture_load_from_data: size=4236
  Initializing MagickWand...
  Reading image blob (size 4224)...
  Image read success. Converting to RGBA...
  Destroying MagickWand...
texture_load_from_data: size=4236
  Initializing MagickWand...
  Reading image blob (size 4224)...
  Image read success. Converting to RGBA...
  Destroying MagickWand...
texture_load_from_data: size=4236
  Initializing MagickWand...
  Reading image blob (size 4224)...
  Image read success. Converting to RGBA...
  Destroying MagickWand...
texture_load_from_data: size=4236
  Initializing MagickWand...
  Reading image blob (size 4224)...
  Image read success. Converting to RGBA...
  Destroying MagickWand...
texture_load_from_data: size=4236
  Initializing MagickWand...
  Reading image blob (size 4224)...
  Image read success. Converting to RGBA...
  Destroying MagickWand...
texture_load_from_data: size=4236
  Initializing MagickWand...
  Reading image blob (size 4224)...
  Image read success. Converting to RGBA...
  Destroying MagickWand...
texture_load_from_data: size=4236
  Initializing MagickWand...
  Reading image blob (size 4224)...
  Image read success. Converting to RGBA...
  Destroying MagickWand...
texture_load_from_data: size=4236
  Initializing MagickWand...
  Reading image blob (size 4224)...
  Image read success. Converting to RGBA...
  Destroying MagickWand...
texture_load_from_data: size=4236
  Initializing MagickWand...
  Reading image blob (size 4224)...
  Image read success. Converting to RGBA...
  Destroying MagickWand...
texture_load_from_data: size=4236
  Initializing MagickWand...
  Reading image blob (size 4224)...
  Image read success. Converting to RGBA...
  Destroying MagickWand...
texture_load_from_data: size=4236
  Initializing MagickWand...
  Reading image blob (size 4224)...
  Image read success. Converting to RGBA...
  Destroying MagickWand...
texture_load_from_data: size=4236
  Initializing MagickWand...
  Reading image blob (size 4224)...
  Image read success. Converting to RGBA...
  Destroying MagickWand...
texture_load_from_data: size=4236
  Initializing MagickWand...
  Reading image blob (size 4224)...
  Image read success. Converting to RGBA...
  Destroying MagickWand...
texture_load_from_data: size=4236
  Initializing MagickWand...
  Reading image blob (size 4224)...
  Image read success. Converting to RGBA...
  Destroying MagickWand...
texture_load_from_data: size=4236
  Initializing MagickWand...
  Reading image blob (size 4224)...
  Image read success. Converting to RGBA...
  Destroying MagickWand...
texture_load_from_data: size=4237
  Initializing MagickWand...
  Reading image blob (size 4224)...
  Image read success. Converting to RGBA...
  Destroying MagickWand...
texture_load_from_data: size=4237
  Initializing MagickWand...
  Reading image blob (size 4224)...
  Image read success. Converting to RGBA...
  Destroying MagickWand...
texture_load_from_data: size=4237
  Initializing MagickWand...
  Reading image blob (size 4224)...
  Image read success. Converting to RGBA...
  Destroying MagickWand...
texture_load_from_data: size=4237
  Initializing MagickWand...
  Reading image blob (size 4224)...
  Image read success. Converting to RGBA...
  Destroying MagickWand...
texture_load_from_data: size=4237
  Initializing MagickWand...
  Reading image blob (size 4224)...
  Image read success. Converting to RGBA...
  Destroying MagickWand...
texture_load_from_data: size=4237
  Initializing MagickWand...
  Reading image blob (size 4224)...
  Image read success. Converting to RGBA...
  Destroying MagickWand...
texture_load_from_data: size=4237
  Initializing MagickWand...
  Reading image blob (size 4224)...
  Image read success. Converting to RGBA...
  Destroying MagickWand...
texture_load_from_data: size=4237
  Initializing MagickWand...
  Reading image blob (size 4224)...
  Image read success. Converting to RGBA...
  Destroying MagickWand...
texture_load_from_data: size=4237
  Initializing MagickWand...
  Reading image blob (size 4224)...
  Image read success. Converting to RGBA...
  Destroying MagickWand...
texture_load_from_data: size=4237
  Initializing MagickWand...
  Reading image blob (size 4224)...
  Image read success. Converting to RGBA...
  Destroying MagickWand...
texture_load_from_data: size=4237
  Initializing MagickWand...
  Reading image blob (size 4224)...
  Image read success. Converting to RGBA...
  Destroying MagickWand...
texture_load_from_data: size=4237
  Initializing MagickWand...
  Reading image blob (size 4224)...
  Image read success. Converting to RGBA...
  Destroying MagickWand...
texture_load_from_data: size=4236
  Initializing MagickWand...
  Reading image blob (size 4224)...
  Image read success. Converting to RGBA...
  Destroying MagickWand...
texture_load_from_data: size=4236
  Initializing MagickWand...
  Reading image blob (size 4224)...
  Image read success. Converting to RGBA...
  Destroying MagickWand...
texture_load_from_data: size=4237
  Initializing MagickWand...
  Reading image blob (size 4224)...
  Image read success. Converting to RGBA...
  Destroying MagickWand...
texture_load_from_data: size=4237
  Initializing MagickWand...
  Reading image blob (size 4224)...
  Image read success. Converting to RGBA...
  Destroying MagickWand...
texture_load_from_data: size=4237
  Initializing MagickWand...
  Reading image blob (size 4224)...
  Image read success. Converting to RGBA...
  Destroying MagickWand...
texture_load_from_data: size=4236
  Initializing MagickWand...
  Reading image blob (size 4224)...
  Image read success. Converting to RGBA...
  Destroying MagickWand...
texture_load_from_data: size=4236
  Initializing MagickWand...
  Reading image blob (size 4224)...
  Image read success. Converting to RGBA...
  Destroying MagickWand...
texture_load_from_data: size=4236
  Initializing MagickWand...
  Reading image blob (size 4224)...
  Image read success. Converting to RGBA...
  Destroying MagickWand...
texture_load_from_data: size=4236
  Initializing MagickWand...
  Reading image blob (size 4224)...
  Image read success. Converting to RGBA...
  Destroying MagickWand...
texture_load_from_data: size=4236
  Initializing MagickWand...
  Reading image blob (size 4224)...
  Image read success. Converting to RGBA...
  Destroying MagickWand...
texture_load_from_data: size=4236
  Initializing MagickWand...
  Reading image blob (size 4224)...
  Image read success. Converting to RGBA...
  Destroying MagickWand...
texture_load_from_data: size=4236
  Initializing MagickWand...
  Reading image blob (size 4224)...
  Image read success. Converting to RGBA...
  Destroying MagickWand...
texture_load_from_data: size=4236
  Initializing MagickWand...
  Reading image blob (size 4224)...
  Image read success. Converting to RGBA...
  Destroying MagickWand...
texture_load_from_data: size=4236
  Initializing MagickWand...
  Reading image blob (size 4224)...
  Image read success. Converting to RGBA...
  Destroying MagickWand...
texture_load_from_data: size=4236
  Initializing MagickWand...
  Reading image blob (size 4224)...
  Image read success. Converting to RGBA...
  Destroying MagickWand...
texture_load_from_data: size=4236
  Initializing MagickWand...
  Reading image blob (size 4224)...
  Image read success. Converting to RGBA...
  Destroying MagickWand...
texture_load_from_data: size=4236
  Initializing MagickWand...
  Reading image blob (size 4224)...
  Image read success. Converting to RGBA...
  Destroying MagickWand...
texture_load_from_data: size=4236
  Initializing MagickWand...
  Reading image blob (size 4224)...
  Image read success. Converting to RGBA...
  Destroying MagickWand...
texture_load_from_data: size=4236
  Initializing MagickWand...
  Reading image blob (size 4224)...
  Image read success. Converting to RGBA...
  Destroying MagickWand...
texture_load_from_data: size=4236
  Initializing MagickWand...
  Reading image blob (size 4224)...
  Image read success. Converting to RGBA...
  Destroying MagickWand...
texture_load_from_data: size=4236
  Initializing MagickWand...
  Reading image blob (size 4224)...
  Image read success. Converting to RGBA...
  Destroying MagickWand...
texture_load_from_data: size=4236
  Initializing MagickWand...
  Reading image blob (size 4224)...
  Image read success. Converting to RGBA...
  Destroying MagickWand...
texture_load_from_data: size=4236
  Initializing MagickWand...
  Reading image blob (size 4224)...
  Image read success. Converting to RGBA...
  Destroying MagickWand...
texture_load_from_data: size=4236
  Initializing MagickWand...
  Reading image blob (size 4224)...
  Image read success. Converting to RGBA...
  Destroying MagickWand...
texture_load_from_data: size=4236
  Initializing MagickWand...
  Reading image blob (size 4224)...
  Image read success. Converting to RGBA...
  Destroying MagickWand...
texture_load_from_data: size=4236
  Initializing MagickWand...
  Reading image blob (size 4224)...
  Image read success. Converting to RGBA...
  Destroying MagickWand...
texture_load_from_data: size=4236
  Initializing MagickWand...
  Reading image blob (size 4224)...
  Image read success. Converting to RGBA...
  Destroying MagickWand...
texture_load_from_data: size=4236
  Initializing MagickWand...
  Reading image blob (size 4224)...
  Image read success. Converting to RGBA...
  Destroying MagickWand...
texture_load_from_data: size=4236
  Initializing MagickWand...
  Reading image blob (size 4224)...
  Image read success. Converting to RGBA...
  Destroying MagickWand...
texture_load_from_data: size=4236
  Initializing MagickWand...
  Reading image blob (size 4224)...
  Image read success. Converting to RGBA...
  Destroying MagickWand...
texture_load_from_data: size=4236
  Initializing MagickWand...
  Reading image blob (size 4224)...
  Image read success. Converting to RGBA...
  Destroying MagickWand...
texture_load_from_data: size=4237
  Initializing MagickWand...
  Reading image blob (size 4224)...
  Image read success. Converting to RGBA...
  Destroying MagickWand...
texture_load_from_data: size=4237
  Initializing MagickWand...
  Reading image blob (size 4224)...
  Image read success. Converting to RGBA...
  Destroying MagickWand...
texture_load_from_data: size=4236
  Initializing MagickWand...
  Reading image blob (size 4224)...
  Image read success. Converting to RGBA...
  Destroying MagickWand...
texture_load_from_data: size=4236
  Initializing MagickWand...
  Reading image blob (size 4224)...
  Image read success. Converting to RGBA...
  Destroying MagickWand...
texture_load_from_data: size=4237
  Initializing MagickWand...
  Reading image blob (size 4224)...
  Image read success. Converting to RGBA...
  Destroying MagickWand...
texture_load_from_data: size=4237
  Initializing MagickWand...
  Reading image blob (size 4224)...
  Image read success. Converting to RGBA...
  Destroying MagickWand...
texture_load_from_data: size=4236
  Initializing MagickWand...
  Reading image blob (size 4224)...
  Image read success. Converting to RGBA...
  Destroying MagickWand...
texture_load_from_data: size=4236
  Initializing MagickWand...
  Reading image blob (size 4224)...
  Image read success. Converting to RGBA...
  Destroying MagickWand...
texture_load_from_data: size=4236
  Initializing MagickWand...
  Reading image blob (size 4224)...
  Image read success. Converting to RGBA...
  Destroying MagickWand...
texture_load_from_data: size=4236
  Initializing MagickWand...
  Reading image blob (size 4224)...
  Image read success. Converting to RGBA...
  Destroying MagickWand...
texture_load_from_data: size=4236
  Initializing MagickWand...
  Reading image blob (size 4224)...
  Image read success. Converting to RGBA...
  Destroying MagickWand...
texture_load_from_data: size=4236
  Initializing MagickWand...
  Reading image blob (size 4224)...
  Image read success. Converting to RGBA...
  Destroying MagickWand...
texture_load_from_data: size=4236
  Initializing MagickWand...
  Reading image blob (size 4224)...
  Image read success. Converting to RGBA...
  Destroying MagickWand...
texture_load_from_data: size=4236
  Initializing MagickWand...
  Reading image blob (size 4224)...
  Image read success. Converting to RGBA...
  Destroying MagickWand...
texture_load_from_data: size=4236
  Initializing MagickWand...
  Reading image blob (size 4224)...
  Image read success. Converting to RGBA...
  Destroying MagickWand...
texture_load_from_data: size=4236
  Initializing MagickWand...
  Reading image blob (size 4224)...
  Image read success. Converting to RGBA...
  Destroying MagickWand...
texture_load_from_data: size=4236
  Initializing MagickWand...
  Reading image blob (size 4224)...
  Image read success. Converting to RGBA...
  Destroying MagickWand...
texture_load_from_data: size=4236
  Initializing MagickWand...
  Reading image blob (size 4224)...
  Image read success. Converting to RGBA...
  Destroying MagickWand...
texture_load_from_data: size=4236
  Initializing MagickWand...
  Reading image blob (size 4224)...
  Image read success. Converting to RGBA...
  Destroying MagickWand...
texture_load_from_data: size=4236
  Initializing MagickWand...
  Reading image blob (size 4224)...
  Image read success. Converting to RGBA...
  Destroying MagickWand...
texture_load_from_data: size=4236
  Initializing MagickWand...
  Reading image blob (size 4224)...
  Image read success. Converting to RGBA...
  Destroying MagickWand...
texture_load_from_data: size=4236
  Initializing MagickWand...
  Reading image blob (size 4224)...
  Image read success. Converting to RGBA...
  Destroying MagickWand...
texture_load_from_data: size=4236
  Initializing MagickWand...
  Reading image blob (size 4224)...
  Image read success. Converting to RGBA...
  Destroying MagickWand...
texture_load_from_data: size=4236
  Initializing MagickWand...
  Reading image blob (size 4224)...
  Image read success. Converting to RGBA...
  Destroying MagickWand...
texture_load_from_data: size=4236
  Initializing MagickWand...
  Reading image blob (size 4224)...
  Image read success. Converting to RGBA...
  Destroying MagickWand...
texture_load_from_data: size=4236
  Initializing MagickWand...
  Reading image blob (size 4224)...
  Image read success. Converting to RGBA...
  Destroying MagickWand...
texture_load_from_data: size=4236
  Initializing MagickWand...
  Reading image blob (size 4224)...
  Image read success. Converting to RGBA...
  Destroying MagickWand...
texture_load_from_data: size=4236
  Initializing MagickWand...
  Reading image blob (size 4224)...
  Image read success. Converting to RGBA...
  Destroying MagickWand...
texture_load_from_data: size=16524
  Initializing MagickWand...
  Reading image blob (size 16512)...
  Image read success. Converting to RGBA...
  Destroying MagickWand...
texture_load_from_data: size=16525
  Initializing MagickWand...
  Reading image blob (size 16512)...
  Image read success. Converting to RGBA...
  Destroying MagickWand...
texture_load_from_data: size=24717
  Initializing MagickWand...
  Reading image blob (size 24704)...
  Image read success. Converting to RGBA...
  Destroying MagickWand...
texture_load_from_data: size=16524
  Initializing MagickWand...
  Reading image blob (size 16512)...
  Image read success. Converting to RGBA...
  Destroying MagickWand...
texture_load_from_data: size=32909
  Initializing MagickWand...
  Reading image blob (size 32896)...
  Image read success. Converting to RGBA...
  Destroying MagickWand...
texture_load_from_data: size=16524
  Initializing MagickWand...
  Reading image blob (size 16512)...
  Image read success. Converting to RGBA...
  Destroying MagickWand...
texture_load_from_data: size=32909
  Initializing MagickWand...
  Reading image blob (size 32896)...
  Image read success. Converting to RGBA...
  Destroying MagickWand...
Main: GTK application finished with status 0.
